2017-07-17 07:33:15 [::1][2][6l3dnso0ihbfe15bgl38qlgir5][error][yii\base\UnknownPropertyException] exception 'yii\base\UnknownPropertyException' with message 'Setting unknown property: app\models\Likert::updated_at' in C:\xampp\htdocs\tiket\vendor\yiisoft\yii2\base\Component.php:197
Stack trace:
#0 C:\xampp\htdocs\tiket\vendor\yiisoft\yii2\db\BaseActiveRecord.php(294): yii\base\Component->__set('updated_at', Object(yii\db\Expression))
#1 C:\xampp\htdocs\tiket\vendor\yiisoft\yii2\behaviors\AttributeBehavior.php(121): yii\db\BaseActiveRecord->__set('updated_at', Object(yii\db\Expression))
#2 [internal function]: yii\behaviors\AttributeBehavior->evaluateAttributes(Object(yii\base\ModelEvent))
#3 C:\xampp\htdocs\tiket\vendor\yiisoft\yii2\base\Component.php(540): call_user_func(Array, Object(yii\base\ModelEvent))
#4 C:\xampp\htdocs\tiket\vendor\yiisoft\yii2\db\BaseActiveRecord.php(915): yii\base\Component->trigger('beforeUpdate', Object(yii\base\ModelEvent))
#5 C:\xampp\htdocs\tiket\vendor\yiisoft\yii2\db\BaseActiveRecord.php(735): yii\db\BaseActiveRecord->beforeSave(false)
#6 C:\xampp\htdocs\tiket\vendor\yiisoft\yii2\db\ActiveRecord.php(533): yii\db\BaseActiveRecord->updateInternal(NULL)
#7 C:\xampp\htdocs\tiket\vendor\yiisoft\yii2\db\BaseActiveRecord.php(622): yii\db\ActiveRecord->update(true, NULL)
#8 C:\xampp\htdocs\tiket\controllers\TiketController.php(253): yii\db\BaseActiveRecord->save()
#9 [internal function]: app\controllers\TiketController->actionLihatevent()
#10 C:\xampp\htdocs\tiket\vendor\yiisoft\yii2\base\InlineAction.php(55): call_user_func_array(Array, Array)
#11 C:\xampp\htdocs\tiket\vendor\yiisoft\yii2\base\Controller.php(154): yii\base\InlineAction->runWithParams(Array)
#12 C:\xampp\htdocs\tiket\vendor\yiisoft\yii2\base\Module.php(454): yii\base\Controller->runAction('lihatevent', Array)
#13 C:\xampp\htdocs\tiket\vendor\yiisoft\yii2\web\Application.php(92): yii\base\Module->runAction('tiket/lihateven...', Array)
#14 C:\xampp\htdocs\tiket\vendor\yiisoft\yii2\base\Application.php(375): yii\web\Application->handleRequest(Object(yii\web\Request))
#15 C:\xampp\htdocs\tiket\web\index.php(12): yii\base\Application->run()
#16 {main}
2017-07-17 07:33:15 [::1][2][6l3dnso0ihbfe15bgl38qlgir5][info][application] $_GET = [
    'r' => 'tiket/lihatevent'
]

$_COOKIE = [
    '_csrf' => 'b07580d29d381952d9850ba55ff2b5be2ee1b6e6b55ff2ee6f0a43c4fd8e2dfaa:2:{i:0;s:5:\"_csrf\";i:1;s:32:\"HhvvmzaN7HE4Y-66lbxBCiaLhjdCJYux\";}'
    'PHPSESSID' => '6l3dnso0ihbfe15bgl38qlgir5'
    '_identity' => '5b5377005c884863dd6254b1cb6c117d9242b994007f1192af16a89f2bf6e5caa:2:{i:0;s:9:\"_identity\";i:1;s:22:\"[2,\"admin999\",2592000]\";}'
]

$_SESSION = [
    '__flash' => []
    '__id' => 2
]

$_SERVER = [
    'MIBDIRS' => 'C:/xampp/php/extras/mibs'
    'MYSQL_HOME' => '\\xampp\\mysql\\bin'
    'OPENSSL_CONF' => 'C:/xampp/apache/bin/openssl.cnf'
    'PHP_PEAR_SYSCONF_DIR' => '\\xampp\\php'
    'PHPRC' => '\\xampp\\php'
    'TMP' => '\\xampp\\tmp'
    'HTTP_HOST' => 'localhost'
    'HTTP_CONNECTION' => 'keep-alive'
    'HTTP_CACHE_CONTROL' => 'max-age=0'
    'HTTP_UPGRADE_INSECURE_REQUESTS' => '1'
    'HTTP_USER_AGENT' => 'Mozilla/5.0 (Windows NT 10.0; Win64; x64) AppleWebKit/537.36 (KHTML, like Gecko) Chrome/59.0.3071.115 Safari/537.36'
    'HTTP_ACCEPT' => 'text/html,application/xhtml+xml,application/xml;q=0.9,image/webp,image/apng,*/*;q=0.8'
    'HTTP_REFERER' => 'http://localhost/tiket/web/index.php'
    'HTTP_ACCEPT_ENCODING' => 'gzip, deflate, br'
    'HTTP_ACCEPT_LANGUAGE' => 'en-US,en;q=0.8,id;q=0.6,ms;q=0.4'
    'HTTP_COOKIE' => '_csrf=b07580d29d381952d9850ba55ff2b5be2ee1b6e6b55ff2ee6f0a43c4fd8e2dfaa%3A2%3A%7Bi%3A0%3Bs%3A5%3A%22_csrf%22%3Bi%3A1%3Bs%3A32%3A%22HhvvmzaN7HE4Y-66lbxBCiaLhjdCJYux%22%3B%7D; PHPSESSID=6l3dnso0ihbfe15bgl38qlgir5; _identity=5b5377005c884863dd6254b1cb6c117d9242b994007f1192af16a89f2bf6e5caa%3A2%3A%7Bi%3A0%3Bs%3A9%3A%22_identity%22%3Bi%3A1%3Bs%3A22%3A%22%5B2%2C%22admin999%22%2C2592000%5D%22%3B%7D'
    'PATH' => 'C:\\Program Files (x86)\\Common Files\\Intel\\Shared Files\\cpp\\bin\\Intel64;C:\\ProgramData\\Oracle\\Java\\javapath;C:\\Program Files\\Broadcom\\Broadcom 802.11;c:\\Program Files (x86)\\Intel\\iCLS Client\\;c:\\Program Files\\Intel\\iCLS Client\\;C:\\Windows\\system32;C:\\Windows;C:\\Windows\\System32\\Wbem;C:\\Windows\\System32\\WindowsPowerShell\\v1.0\\;C:\\Program Files\\Intel\\Intel(R) Management Engine Components\\DAL;C:\\Program Files\\Intel\\Intel(R) Management Engine Components\\IPT;C:\\Program Files (x86)\\Intel\\Intel(R) Management Engine Components\\DAL;C:\\Program Files (x86)\\Intel\\Intel(R) Management Engine Components\\IPT;C:\\Program Files\\Microsoft\\Web Platform Installer\\;C:\\Python27;C:\\Python27\\Scripts;C:\\Program Files\\TortoiseGit\\bin;C:\\Program Files (x86)\\NVIDIA Corporation\\PhysX\\Common;C:\\WINDOWS\\system32;C:\\WINDOWS;C:\\WINDOWS\\System32\\Wbem;C:\\WINDOWS\\System32\\WindowsPowerShell\\v1.0\\;C:\\Program Files\\Microsoft SQL Server\\110\\Tools\\Binn\\;C:\\Program Files (x86)\\leJOS NXJ\\bin;C:\\Program Files\\MATLAB\\MATLAB Production Server\\R2015a\\runtime\\win64;C:\\Program Files\\MATLAB\\MATLAB Production Server\\R2015a\\bin;C:\\Program Files\\MATLAB\\MATLAB Production Server\\R2015a\\polyspace\\bin;C:\\Program Files (x86)\\IVI Foundation\\VISA\\WinNT\\Bin\\;C:\\Program Files\\IVI Foundation\\VISA\\Win64\\Bin\\;C:\\Program Files (x86)\\IVI Foundation\\VISA\\WinNT\\Bin;C:\\Program Files\\010 Editor;C:\\xampp\\php;C:\\ProgramData\\ComposerSetup\\bin;C:\\Program Files\\Git\\cmd;C:\\Users\\Yunan\\AppData\\Roaming\\Composer\\vendor\\bin;C:\\Users\\Yunan\\AppData\\Local\\Microsoft\\WindowsApps;'
    'SystemRoot' => 'C:\\WINDOWS'
    'COMSPEC' => 'C:\\WINDOWS\\system32\\cmd.exe'
    'PATHEXT' => '.COM;.EXE;.BAT;.CMD;.VBS;.VBE;.JS;.JSE;.WSF;.WSH;.MSC'
    'WINDIR' => 'C:\\WINDOWS'
    'SERVER_SIGNATURE' => '<address>Apache/2.4.23 (Win32) OpenSSL/1.0.2h PHP/5.6.24 Server at localhost Port 80</address>
'
    'SERVER_SOFTWARE' => 'Apache/2.4.23 (Win32) OpenSSL/1.0.2h PHP/5.6.24'
    'SERVER_NAME' => 'localhost'
    'SERVER_ADDR' => '::1'
    'SERVER_PORT' => '80'
    'REMOTE_ADDR' => '::1'
    'DOCUMENT_ROOT' => 'C:/xampp/htdocs'
    'REQUEST_SCHEME' => 'http'
    'CONTEXT_PREFIX' => ''
    'CONTEXT_DOCUMENT_ROOT' => 'C:/xampp/htdocs'
    'SERVER_ADMIN' => 'postmaster@localhost'
    'SCRIPT_FILENAME' => 'C:/xampp/htdocs/tiket/web/index.php'
    'REMOTE_PORT' => '54455'
    'GATEWAY_INTERFACE' => 'CGI/1.1'
    'SERVER_PROTOCOL' => 'HTTP/1.1'
    'REQUEST_METHOD' => 'GET'
    'QUERY_STRING' => 'r=tiket%2Flihatevent'
    'REQUEST_URI' => '/tiket/web/index.php?r=tiket%2Flihatevent'
    'SCRIPT_NAME' => '/tiket/web/index.php'
    'PHP_SELF' => '/tiket/web/index.php'
    'REQUEST_TIME_FLOAT' => 1500269595.159
    'REQUEST_TIME' => 1500269595
]
2017-07-17 07:53:29 [::1][2][6l3dnso0ihbfe15bgl38qlgir5][error][yii\base\ErrorException:4] exception 'yii\base\ErrorException' with message 'syntax error, unexpected '{'' in C:\xampp\htdocs\tiket\views\tiket\event.php:28
Stack trace:
#0 [internal function]: yii\base\ErrorHandler->handleFatalError()
#1 {main}
2017-07-17 07:53:29 [::1][2][6l3dnso0ihbfe15bgl38qlgir5][info][application] $_GET = [
    'r' => 'tiket/lihatevent'
]

$_COOKIE = [
    '_csrf' => 'b07580d29d381952d9850ba55ff2b5be2ee1b6e6b55ff2ee6f0a43c4fd8e2dfaa:2:{i:0;s:5:\"_csrf\";i:1;s:32:\"HhvvmzaN7HE4Y-66lbxBCiaLhjdCJYux\";}'
    'PHPSESSID' => '6l3dnso0ihbfe15bgl38qlgir5'
    '_identity' => '5b5377005c884863dd6254b1cb6c117d9242b994007f1192af16a89f2bf6e5caa:2:{i:0;s:9:\"_identity\";i:1;s:22:\"[2,\"admin999\",2592000]\";}'
]

$_SESSION = [
    '__flash' => []
    '__id' => 2
]

$_SERVER = [
    'MIBDIRS' => 'C:/xampp/php/extras/mibs'
    'MYSQL_HOME' => '\\xampp\\mysql\\bin'
    'OPENSSL_CONF' => 'C:/xampp/apache/bin/openssl.cnf'
    'PHP_PEAR_SYSCONF_DIR' => '\\xampp\\php'
    'PHPRC' => '\\xampp\\php'
    'TMP' => '\\xampp\\tmp'
    'HTTP_HOST' => 'localhost'
    'HTTP_CONNECTION' => 'keep-alive'
    'HTTP_UPGRADE_INSECURE_REQUESTS' => '1'
    'HTTP_USER_AGENT' => 'Mozilla/5.0 (Windows NT 10.0; Win64; x64) AppleWebKit/537.36 (KHTML, like Gecko) Chrome/59.0.3071.115 Safari/537.36'
    'HTTP_ACCEPT' => 'text/html,application/xhtml+xml,application/xml;q=0.9,image/webp,image/apng,*/*;q=0.8'
    'HTTP_REFERER' => 'http://localhost/tiket/web/index.php?r=tiket%2Fpreview&id=7'
    'HTTP_ACCEPT_ENCODING' => 'gzip, deflate, br'
    'HTTP_ACCEPT_LANGUAGE' => 'en-US,en;q=0.8,id;q=0.6,ms;q=0.4'
    'HTTP_COOKIE' => '_csrf=b07580d29d381952d9850ba55ff2b5be2ee1b6e6b55ff2ee6f0a43c4fd8e2dfaa%3A2%3A%7Bi%3A0%3Bs%3A5%3A%22_csrf%22%3Bi%3A1%3Bs%3A32%3A%22HhvvmzaN7HE4Y-66lbxBCiaLhjdCJYux%22%3B%7D; PHPSESSID=6l3dnso0ihbfe15bgl38qlgir5; _identity=5b5377005c884863dd6254b1cb6c117d9242b994007f1192af16a89f2bf6e5caa%3A2%3A%7Bi%3A0%3Bs%3A9%3A%22_identity%22%3Bi%3A1%3Bs%3A22%3A%22%5B2%2C%22admin999%22%2C2592000%5D%22%3B%7D'
    'PATH' => 'C:\\Program Files (x86)\\Common Files\\Intel\\Shared Files\\cpp\\bin\\Intel64;C:\\ProgramData\\Oracle\\Java\\javapath;C:\\Program Files\\Broadcom\\Broadcom 802.11;c:\\Program Files (x86)\\Intel\\iCLS Client\\;c:\\Program Files\\Intel\\iCLS Client\\;C:\\Windows\\system32;C:\\Windows;C:\\Windows\\System32\\Wbem;C:\\Windows\\System32\\WindowsPowerShell\\v1.0\\;C:\\Program Files\\Intel\\Intel(R) Management Engine Components\\DAL;C:\\Program Files\\Intel\\Intel(R) Management Engine Components\\IPT;C:\\Program Files (x86)\\Intel\\Intel(R) Management Engine Components\\DAL;C:\\Program Files (x86)\\Intel\\Intel(R) Management Engine Components\\IPT;C:\\Program Files\\Microsoft\\Web Platform Installer\\;C:\\Python27;C:\\Python27\\Scripts;C:\\Program Files\\TortoiseGit\\bin;C:\\Program Files (x86)\\NVIDIA Corporation\\PhysX\\Common;C:\\WINDOWS\\system32;C:\\WINDOWS;C:\\WINDOWS\\System32\\Wbem;C:\\WINDOWS\\System32\\WindowsPowerShell\\v1.0\\;C:\\Program Files\\Microsoft SQL Server\\110\\Tools\\Binn\\;C:\\Program Files (x86)\\leJOS NXJ\\bin;C:\\Program Files\\MATLAB\\MATLAB Production Server\\R2015a\\runtime\\win64;C:\\Program Files\\MATLAB\\MATLAB Production Server\\R2015a\\bin;C:\\Program Files\\MATLAB\\MATLAB Production Server\\R2015a\\polyspace\\bin;C:\\Program Files (x86)\\IVI Foundation\\VISA\\WinNT\\Bin\\;C:\\Program Files\\IVI Foundation\\VISA\\Win64\\Bin\\;C:\\Program Files (x86)\\IVI Foundation\\VISA\\WinNT\\Bin;C:\\Program Files\\010 Editor;C:\\xampp\\php;C:\\ProgramData\\ComposerSetup\\bin;C:\\Program Files\\Git\\cmd;C:\\Users\\Yunan\\AppData\\Roaming\\Composer\\vendor\\bin;C:\\Users\\Yunan\\AppData\\Local\\Microsoft\\WindowsApps;'
    'SystemRoot' => 'C:\\WINDOWS'
    'COMSPEC' => 'C:\\WINDOWS\\system32\\cmd.exe'
    'PATHEXT' => '.COM;.EXE;.BAT;.CMD;.VBS;.VBE;.JS;.JSE;.WSF;.WSH;.MSC'
    'WINDIR' => 'C:\\WINDOWS'
    'SERVER_SIGNATURE' => '<address>Apache/2.4.23 (Win32) OpenSSL/1.0.2h PHP/5.6.24 Server at localhost Port 80</address>
'
    'SERVER_SOFTWARE' => 'Apache/2.4.23 (Win32) OpenSSL/1.0.2h PHP/5.6.24'
    'SERVER_NAME' => 'localhost'
    'SERVER_ADDR' => '::1'
    'SERVER_PORT' => '80'
    'REMOTE_ADDR' => '::1'
    'DOCUMENT_ROOT' => 'C:/xampp/htdocs'
    'REQUEST_SCHEME' => 'http'
    'CONTEXT_PREFIX' => ''
    'CONTEXT_DOCUMENT_ROOT' => 'C:/xampp/htdocs'
    'SERVER_ADMIN' => 'postmaster@localhost'
    'SCRIPT_FILENAME' => 'C:/xampp/htdocs/tiket/web/index.php'
    'REMOTE_PORT' => '54615'
    'GATEWAY_INTERFACE' => 'CGI/1.1'
    'SERVER_PROTOCOL' => 'HTTP/1.1'
    'REQUEST_METHOD' => 'GET'
    'QUERY_STRING' => 'r=tiket%2Flihatevent'
    'REQUEST_URI' => '/tiket/web/index.php?r=tiket%2Flihatevent'
    'SCRIPT_NAME' => '/tiket/web/index.php'
    'PHP_SELF' => '/tiket/web/index.php'
    'REQUEST_TIME_FLOAT' => 1500270809.063
    'REQUEST_TIME' => 1500270809
]
2017-07-17 07:53:55 [::1][2][6l3dnso0ihbfe15bgl38qlgir5][error][yii\base\ErrorException:4] exception 'yii\base\ErrorException' with message 'syntax error, unexpected '{'' in C:\xampp\htdocs\tiket\views\tiket\event.php:28
Stack trace:
#0 [internal function]: yii\base\ErrorHandler->handleFatalError()
#1 {main}
2017-07-17 07:53:55 [::1][2][6l3dnso0ihbfe15bgl38qlgir5][info][application] $_GET = [
    'r' => 'tiket/lihatevent'
]

$_COOKIE = [
    '_csrf' => 'b07580d29d381952d9850ba55ff2b5be2ee1b6e6b55ff2ee6f0a43c4fd8e2dfaa:2:{i:0;s:5:\"_csrf\";i:1;s:32:\"HhvvmzaN7HE4Y-66lbxBCiaLhjdCJYux\";}'
    'PHPSESSID' => '6l3dnso0ihbfe15bgl38qlgir5'
    '_identity' => '5b5377005c884863dd6254b1cb6c117d9242b994007f1192af16a89f2bf6e5caa:2:{i:0;s:9:\"_identity\";i:1;s:22:\"[2,\"admin999\",2592000]\";}'
]

$_SESSION = [
    '__flash' => []
    '__id' => 2
]

$_SERVER = [
    'MIBDIRS' => 'C:/xampp/php/extras/mibs'
    'MYSQL_HOME' => '\\xampp\\mysql\\bin'
    'OPENSSL_CONF' => 'C:/xampp/apache/bin/openssl.cnf'
    'PHP_PEAR_SYSCONF_DIR' => '\\xampp\\php'
    'PHPRC' => '\\xampp\\php'
    'TMP' => '\\xampp\\tmp'
    'HTTP_HOST' => 'localhost'
    'HTTP_CONNECTION' => 'keep-alive'
    'HTTP_CACHE_CONTROL' => 'max-age=0'
    'HTTP_UPGRADE_INSECURE_REQUESTS' => '1'
    'HTTP_USER_AGENT' => 'Mozilla/5.0 (Windows NT 10.0; Win64; x64) AppleWebKit/537.36 (KHTML, like Gecko) Chrome/59.0.3071.115 Safari/537.36'
    'HTTP_ACCEPT' => 'text/html,application/xhtml+xml,application/xml;q=0.9,image/webp,image/apng,*/*;q=0.8'
    'HTTP_REFERER' => 'http://localhost/tiket/web/index.php?r=tiket%2Fpreview&id=7'
    'HTTP_ACCEPT_ENCODING' => 'gzip, deflate, br'
    'HTTP_ACCEPT_LANGUAGE' => 'en-US,en;q=0.8,id;q=0.6,ms;q=0.4'
    'HTTP_COOKIE' => '_csrf=b07580d29d381952d9850ba55ff2b5be2ee1b6e6b55ff2ee6f0a43c4fd8e2dfaa%3A2%3A%7Bi%3A0%3Bs%3A5%3A%22_csrf%22%3Bi%3A1%3Bs%3A32%3A%22HhvvmzaN7HE4Y-66lbxBCiaLhjdCJYux%22%3B%7D; PHPSESSID=6l3dnso0ihbfe15bgl38qlgir5; _identity=5b5377005c884863dd6254b1cb6c117d9242b994007f1192af16a89f2bf6e5caa%3A2%3A%7Bi%3A0%3Bs%3A9%3A%22_identity%22%3Bi%3A1%3Bs%3A22%3A%22%5B2%2C%22admin999%22%2C2592000%5D%22%3B%7D'
    'PATH' => 'C:\\Program Files (x86)\\Common Files\\Intel\\Shared Files\\cpp\\bin\\Intel64;C:\\ProgramData\\Oracle\\Java\\javapath;C:\\Program Files\\Broadcom\\Broadcom 802.11;c:\\Program Files (x86)\\Intel\\iCLS Client\\;c:\\Program Files\\Intel\\iCLS Client\\;C:\\Windows\\system32;C:\\Windows;C:\\Windows\\System32\\Wbem;C:\\Windows\\System32\\WindowsPowerShell\\v1.0\\;C:\\Program Files\\Intel\\Intel(R) Management Engine Components\\DAL;C:\\Program Files\\Intel\\Intel(R) Management Engine Components\\IPT;C:\\Program Files (x86)\\Intel\\Intel(R) Management Engine Components\\DAL;C:\\Program Files (x86)\\Intel\\Intel(R) Management Engine Components\\IPT;C:\\Program Files\\Microsoft\\Web Platform Installer\\;C:\\Python27;C:\\Python27\\Scripts;C:\\Program Files\\TortoiseGit\\bin;C:\\Program Files (x86)\\NVIDIA Corporation\\PhysX\\Common;C:\\WINDOWS\\system32;C:\\WINDOWS;C:\\WINDOWS\\System32\\Wbem;C:\\WINDOWS\\System32\\WindowsPowerShell\\v1.0\\;C:\\Program Files\\Microsoft SQL Server\\110\\Tools\\Binn\\;C:\\Program Files (x86)\\leJOS NXJ\\bin;C:\\Program Files\\MATLAB\\MATLAB Production Server\\R2015a\\runtime\\win64;C:\\Program Files\\MATLAB\\MATLAB Production Server\\R2015a\\bin;C:\\Program Files\\MATLAB\\MATLAB Production Server\\R2015a\\polyspace\\bin;C:\\Program Files (x86)\\IVI Foundation\\VISA\\WinNT\\Bin\\;C:\\Program Files\\IVI Foundation\\VISA\\Win64\\Bin\\;C:\\Program Files (x86)\\IVI Foundation\\VISA\\WinNT\\Bin;C:\\Program Files\\010 Editor;C:\\xampp\\php;C:\\ProgramData\\ComposerSetup\\bin;C:\\Program Files\\Git\\cmd;C:\\Users\\Yunan\\AppData\\Roaming\\Composer\\vendor\\bin;C:\\Users\\Yunan\\AppData\\Local\\Microsoft\\WindowsApps;'
    'SystemRoot' => 'C:\\WINDOWS'
    'COMSPEC' => 'C:\\WINDOWS\\system32\\cmd.exe'
    'PATHEXT' => '.COM;.EXE;.BAT;.CMD;.VBS;.VBE;.JS;.JSE;.WSF;.WSH;.MSC'
    'WINDIR' => 'C:\\WINDOWS'
    'SERVER_SIGNATURE' => '<address>Apache/2.4.23 (Win32) OpenSSL/1.0.2h PHP/5.6.24 Server at localhost Port 80</address>
'
    'SERVER_SOFTWARE' => 'Apache/2.4.23 (Win32) OpenSSL/1.0.2h PHP/5.6.24'
    'SERVER_NAME' => 'localhost'
    'SERVER_ADDR' => '::1'
    'SERVER_PORT' => '80'
    'REMOTE_ADDR' => '::1'
    'DOCUMENT_ROOT' => 'C:/xampp/htdocs'
    'REQUEST_SCHEME' => 'http'
    'CONTEXT_PREFIX' => ''
    'CONTEXT_DOCUMENT_ROOT' => 'C:/xampp/htdocs'
    'SERVER_ADMIN' => 'postmaster@localhost'
    'SCRIPT_FILENAME' => 'C:/xampp/htdocs/tiket/web/index.php'
    'REMOTE_PORT' => '54617'
    'GATEWAY_INTERFACE' => 'CGI/1.1'
    'SERVER_PROTOCOL' => 'HTTP/1.1'
    'REQUEST_METHOD' => 'GET'
    'QUERY_STRING' => 'r=tiket%2Flihatevent'
    'REQUEST_URI' => '/tiket/web/index.php?r=tiket%2Flihatevent'
    'SCRIPT_NAME' => '/tiket/web/index.php'
    'PHP_SELF' => '/tiket/web/index.php'
    'REQUEST_TIME_FLOAT' => 1500270835.411
    'REQUEST_TIME' => 1500270835
]
2017-07-17 07:54:18 [::1][2][6l3dnso0ihbfe15bgl38qlgir5][error][yii\base\ErrorException:8] exception 'yii\base\ErrorException' with message 'Undefined index: tgl_event' in C:\xampp\htdocs\tiket\views\tiket\event.php:27
Stack trace:
#0 C:\xampp\htdocs\tiket\views\tiket\event.php(27): yii\base\ErrorHandler->handleError(8, 'Undefined index...', 'C:\\xampp\\htdocs...', 27, Array)
#1 C:\xampp\htdocs\tiket\vendor\yiisoft\yii2\base\View.php(326): require('C:\\xampp\\htdocs...')
#2 C:\xampp\htdocs\tiket\vendor\yiisoft\yii2\base\View.php(248): yii\base\View->renderPhpFile('C:\\xampp\\htdocs...', Array)
#3 C:\xampp\htdocs\tiket\vendor\yiisoft\yii2\base\View.php(150): yii\base\View->renderFile('C:\\xampp\\htdocs...', Array, Object(app\controllers\TiketController))
#4 C:\xampp\htdocs\tiket\vendor\yiisoft\yii2\base\Controller.php(378): yii\base\View->render('event', Array, Object(app\controllers\TiketController))
#5 C:\xampp\htdocs\tiket\controllers\TiketController.php(256): yii\base\Controller->render('event', Array)
#6 [internal function]: app\controllers\TiketController->actionLihatevent()
#7 C:\xampp\htdocs\tiket\vendor\yiisoft\yii2\base\InlineAction.php(55): call_user_func_array(Array, Array)
#8 C:\xampp\htdocs\tiket\vendor\yiisoft\yii2\base\Controller.php(154): yii\base\InlineAction->runWithParams(Array)
#9 C:\xampp\htdocs\tiket\vendor\yiisoft\yii2\base\Module.php(454): yii\base\Controller->runAction('lihatevent', Array)
#10 C:\xampp\htdocs\tiket\vendor\yiisoft\yii2\web\Application.php(92): yii\base\Module->runAction('tiket/lihateven...', Array)
#11 C:\xampp\htdocs\tiket\vendor\yiisoft\yii2\base\Application.php(375): yii\web\Application->handleRequest(Object(yii\web\Request))
#12 C:\xampp\htdocs\tiket\web\index.php(12): yii\base\Application->run()
#13 {main}
2017-07-17 07:54:18 [::1][2][6l3dnso0ihbfe15bgl38qlgir5][info][application] $_GET = [
    'r' => 'tiket/lihatevent'
]

$_COOKIE = [
    '_csrf' => 'b07580d29d381952d9850ba55ff2b5be2ee1b6e6b55ff2ee6f0a43c4fd8e2dfaa:2:{i:0;s:5:\"_csrf\";i:1;s:32:\"HhvvmzaN7HE4Y-66lbxBCiaLhjdCJYux\";}'
    'PHPSESSID' => '6l3dnso0ihbfe15bgl38qlgir5'
    '_identity' => '5b5377005c884863dd6254b1cb6c117d9242b994007f1192af16a89f2bf6e5caa:2:{i:0;s:9:\"_identity\";i:1;s:22:\"[2,\"admin999\",2592000]\";}'
]

$_SESSION = [
    '__flash' => []
    '__id' => 2
]

$_SERVER = [
    'MIBDIRS' => 'C:/xampp/php/extras/mibs'
    'MYSQL_HOME' => '\\xampp\\mysql\\bin'
    'OPENSSL_CONF' => 'C:/xampp/apache/bin/openssl.cnf'
    'PHP_PEAR_SYSCONF_DIR' => '\\xampp\\php'
    'PHPRC' => '\\xampp\\php'
    'TMP' => '\\xampp\\tmp'
    'HTTP_HOST' => 'localhost'
    'HTTP_CONNECTION' => 'keep-alive'
    'HTTP_CACHE_CONTROL' => 'max-age=0'
    'HTTP_UPGRADE_INSECURE_REQUESTS' => '1'
    'HTTP_USER_AGENT' => 'Mozilla/5.0 (Windows NT 10.0; Win64; x64) AppleWebKit/537.36 (KHTML, like Gecko) Chrome/59.0.3071.115 Safari/537.36'
    'HTTP_ACCEPT' => 'text/html,application/xhtml+xml,application/xml;q=0.9,image/webp,image/apng,*/*;q=0.8'
    'HTTP_REFERER' => 'http://localhost/tiket/web/index.php?r=tiket%2Fpreview&id=7'
    'HTTP_ACCEPT_ENCODING' => 'gzip, deflate, br'
    'HTTP_ACCEPT_LANGUAGE' => 'en-US,en;q=0.8,id;q=0.6,ms;q=0.4'
    'HTTP_COOKIE' => '_csrf=b07580d29d381952d9850ba55ff2b5be2ee1b6e6b55ff2ee6f0a43c4fd8e2dfaa%3A2%3A%7Bi%3A0%3Bs%3A5%3A%22_csrf%22%3Bi%3A1%3Bs%3A32%3A%22HhvvmzaN7HE4Y-66lbxBCiaLhjdCJYux%22%3B%7D; PHPSESSID=6l3dnso0ihbfe15bgl38qlgir5; _identity=5b5377005c884863dd6254b1cb6c117d9242b994007f1192af16a89f2bf6e5caa%3A2%3A%7Bi%3A0%3Bs%3A9%3A%22_identity%22%3Bi%3A1%3Bs%3A22%3A%22%5B2%2C%22admin999%22%2C2592000%5D%22%3B%7D'
    'PATH' => 'C:\\Program Files (x86)\\Common Files\\Intel\\Shared Files\\cpp\\bin\\Intel64;C:\\ProgramData\\Oracle\\Java\\javapath;C:\\Program Files\\Broadcom\\Broadcom 802.11;c:\\Program Files (x86)\\Intel\\iCLS Client\\;c:\\Program Files\\Intel\\iCLS Client\\;C:\\Windows\\system32;C:\\Windows;C:\\Windows\\System32\\Wbem;C:\\Windows\\System32\\WindowsPowerShell\\v1.0\\;C:\\Program Files\\Intel\\Intel(R) Management Engine Components\\DAL;C:\\Program Files\\Intel\\Intel(R) Management Engine Components\\IPT;C:\\Program Files (x86)\\Intel\\Intel(R) Management Engine Components\\DAL;C:\\Program Files (x86)\\Intel\\Intel(R) Management Engine Components\\IPT;C:\\Program Files\\Microsoft\\Web Platform Installer\\;C:\\Python27;C:\\Python27\\Scripts;C:\\Program Files\\TortoiseGit\\bin;C:\\Program Files (x86)\\NVIDIA Corporation\\PhysX\\Common;C:\\WINDOWS\\system32;C:\\WINDOWS;C:\\WINDOWS\\System32\\Wbem;C:\\WINDOWS\\System32\\WindowsPowerShell\\v1.0\\;C:\\Program Files\\Microsoft SQL Server\\110\\Tools\\Binn\\;C:\\Program Files (x86)\\leJOS NXJ\\bin;C:\\Program Files\\MATLAB\\MATLAB Production Server\\R2015a\\runtime\\win64;C:\\Program Files\\MATLAB\\MATLAB Production Server\\R2015a\\bin;C:\\Program Files\\MATLAB\\MATLAB Production Server\\R2015a\\polyspace\\bin;C:\\Program Files (x86)\\IVI Foundation\\VISA\\WinNT\\Bin\\;C:\\Program Files\\IVI Foundation\\VISA\\Win64\\Bin\\;C:\\Program Files (x86)\\IVI Foundation\\VISA\\WinNT\\Bin;C:\\Program Files\\010 Editor;C:\\xampp\\php;C:\\ProgramData\\ComposerSetup\\bin;C:\\Program Files\\Git\\cmd;C:\\Users\\Yunan\\AppData\\Roaming\\Composer\\vendor\\bin;C:\\Users\\Yunan\\AppData\\Local\\Microsoft\\WindowsApps;'
    'SystemRoot' => 'C:\\WINDOWS'
    'COMSPEC' => 'C:\\WINDOWS\\system32\\cmd.exe'
    'PATHEXT' => '.COM;.EXE;.BAT;.CMD;.VBS;.VBE;.JS;.JSE;.WSF;.WSH;.MSC'
    'WINDIR' => 'C:\\WINDOWS'
    'SERVER_SIGNATURE' => '<address>Apache/2.4.23 (Win32) OpenSSL/1.0.2h PHP/5.6.24 Server at localhost Port 80</address>
'
    'SERVER_SOFTWARE' => 'Apache/2.4.23 (Win32) OpenSSL/1.0.2h PHP/5.6.24'
    'SERVER_NAME' => 'localhost'
    'SERVER_ADDR' => '::1'
    'SERVER_PORT' => '80'
    'REMOTE_ADDR' => '::1'
    'DOCUMENT_ROOT' => 'C:/xampp/htdocs'
    'REQUEST_SCHEME' => 'http'
    'CONTEXT_PREFIX' => ''
    'CONTEXT_DOCUMENT_ROOT' => 'C:/xampp/htdocs'
    'SERVER_ADMIN' => 'postmaster@localhost'
    'SCRIPT_FILENAME' => 'C:/xampp/htdocs/tiket/web/index.php'
    'REMOTE_PORT' => '54621'
    'GATEWAY_INTERFACE' => 'CGI/1.1'
    'SERVER_PROTOCOL' => 'HTTP/1.1'
    'REQUEST_METHOD' => 'GET'
    'QUERY_STRING' => 'r=tiket%2Flihatevent'
    'REQUEST_URI' => '/tiket/web/index.php?r=tiket%2Flihatevent'
    'SCRIPT_NAME' => '/tiket/web/index.php'
    'PHP_SELF' => '/tiket/web/index.php'
    'REQUEST_TIME_FLOAT' => 1500270858.423
    'REQUEST_TIME' => 1500270858
]
2017-07-17 08:15:02 [::1][2][6l3dnso0ihbfe15bgl38qlgir5][error][yii\base\ErrorException:4] exception 'yii\base\ErrorException' with message 'syntax error, unexpected '<'' in C:\xampp\htdocs\tiket\views\tiket\event.php:30
Stack trace:
#0 [internal function]: yii\base\ErrorHandler->handleFatalError()
#1 {main}
2017-07-17 08:15:02 [::1][2][6l3dnso0ihbfe15bgl38qlgir5][info][application] $_GET = [
    'r' => 'tiket/lihatevent'
]

$_COOKIE = [
    '_csrf' => 'b07580d29d381952d9850ba55ff2b5be2ee1b6e6b55ff2ee6f0a43c4fd8e2dfaa:2:{i:0;s:5:\"_csrf\";i:1;s:32:\"HhvvmzaN7HE4Y-66lbxBCiaLhjdCJYux\";}'
    'PHPSESSID' => '6l3dnso0ihbfe15bgl38qlgir5'
    '_identity' => '5b5377005c884863dd6254b1cb6c117d9242b994007f1192af16a89f2bf6e5caa:2:{i:0;s:9:\"_identity\";i:1;s:22:\"[2,\"admin999\",2592000]\";}'
]

$_SESSION = [
    '__flash' => []
    '__id' => 2
]

$_SERVER = [
    'MIBDIRS' => 'C:/xampp/php/extras/mibs'
    'MYSQL_HOME' => '\\xampp\\mysql\\bin'
    'OPENSSL_CONF' => 'C:/xampp/apache/bin/openssl.cnf'
    'PHP_PEAR_SYSCONF_DIR' => '\\xampp\\php'
    'PHPRC' => '\\xampp\\php'
    'TMP' => '\\xampp\\tmp'
    'HTTP_HOST' => 'localhost'
    'HTTP_CONNECTION' => 'keep-alive'
    'HTTP_UPGRADE_INSECURE_REQUESTS' => '1'
    'HTTP_USER_AGENT' => 'Mozilla/5.0 (Windows NT 10.0; Win64; x64) AppleWebKit/537.36 (KHTML, like Gecko) Chrome/59.0.3071.115 Safari/537.36'
    'HTTP_ACCEPT' => 'text/html,application/xhtml+xml,application/xml;q=0.9,image/webp,image/apng,*/*;q=0.8'
    'HTTP_REFERER' => 'http://localhost/tiket/web/index.php?r=tiket%2Fpreview&id=8'
    'HTTP_ACCEPT_ENCODING' => 'gzip, deflate, br'
    'HTTP_ACCEPT_LANGUAGE' => 'en-US,en;q=0.8,id;q=0.6,ms;q=0.4'
    'HTTP_COOKIE' => '_csrf=b07580d29d381952d9850ba55ff2b5be2ee1b6e6b55ff2ee6f0a43c4fd8e2dfaa%3A2%3A%7Bi%3A0%3Bs%3A5%3A%22_csrf%22%3Bi%3A1%3Bs%3A32%3A%22HhvvmzaN7HE4Y-66lbxBCiaLhjdCJYux%22%3B%7D; PHPSESSID=6l3dnso0ihbfe15bgl38qlgir5; _identity=5b5377005c884863dd6254b1cb6c117d9242b994007f1192af16a89f2bf6e5caa%3A2%3A%7Bi%3A0%3Bs%3A9%3A%22_identity%22%3Bi%3A1%3Bs%3A22%3A%22%5B2%2C%22admin999%22%2C2592000%5D%22%3B%7D'
    'PATH' => 'C:\\Program Files (x86)\\Common Files\\Intel\\Shared Files\\cpp\\bin\\Intel64;C:\\ProgramData\\Oracle\\Java\\javapath;C:\\Program Files\\Broadcom\\Broadcom 802.11;c:\\Program Files (x86)\\Intel\\iCLS Client\\;c:\\Program Files\\Intel\\iCLS Client\\;C:\\Windows\\system32;C:\\Windows;C:\\Windows\\System32\\Wbem;C:\\Windows\\System32\\WindowsPowerShell\\v1.0\\;C:\\Program Files\\Intel\\Intel(R) Management Engine Components\\DAL;C:\\Program Files\\Intel\\Intel(R) Management Engine Components\\IPT;C:\\Program Files (x86)\\Intel\\Intel(R) Management Engine Components\\DAL;C:\\Program Files (x86)\\Intel\\Intel(R) Management Engine Components\\IPT;C:\\Program Files\\Microsoft\\Web Platform Installer\\;C:\\Python27;C:\\Python27\\Scripts;C:\\Program Files\\TortoiseGit\\bin;C:\\Program Files (x86)\\NVIDIA Corporation\\PhysX\\Common;C:\\WINDOWS\\system32;C:\\WINDOWS;C:\\WINDOWS\\System32\\Wbem;C:\\WINDOWS\\System32\\WindowsPowerShell\\v1.0\\;C:\\Program Files\\Microsoft SQL Server\\110\\Tools\\Binn\\;C:\\Program Files (x86)\\leJOS NXJ\\bin;C:\\Program Files\\MATLAB\\MATLAB Production Server\\R2015a\\runtime\\win64;C:\\Program Files\\MATLAB\\MATLAB Production Server\\R2015a\\bin;C:\\Program Files\\MATLAB\\MATLAB Production Server\\R2015a\\polyspace\\bin;C:\\Program Files (x86)\\IVI Foundation\\VISA\\WinNT\\Bin\\;C:\\Program Files\\IVI Foundation\\VISA\\Win64\\Bin\\;C:\\Program Files (x86)\\IVI Foundation\\VISA\\WinNT\\Bin;C:\\Program Files\\010 Editor;C:\\xampp\\php;C:\\ProgramData\\ComposerSetup\\bin;C:\\Program Files\\Git\\cmd;C:\\Users\\Yunan\\AppData\\Roaming\\Composer\\vendor\\bin;C:\\Users\\Yunan\\AppData\\Local\\Microsoft\\WindowsApps;'
    'SystemRoot' => 'C:\\WINDOWS'
    'COMSPEC' => 'C:\\WINDOWS\\system32\\cmd.exe'
    'PATHEXT' => '.COM;.EXE;.BAT;.CMD;.VBS;.VBE;.JS;.JSE;.WSF;.WSH;.MSC'
    'WINDIR' => 'C:\\WINDOWS'
    'SERVER_SIGNATURE' => '<address>Apache/2.4.23 (Win32) OpenSSL/1.0.2h PHP/5.6.24 Server at localhost Port 80</address>
'
    'SERVER_SOFTWARE' => 'Apache/2.4.23 (Win32) OpenSSL/1.0.2h PHP/5.6.24'
    'SERVER_NAME' => 'localhost'
    'SERVER_ADDR' => '::1'
    'SERVER_PORT' => '80'
    'REMOTE_ADDR' => '::1'
    'DOCUMENT_ROOT' => 'C:/xampp/htdocs'
    'REQUEST_SCHEME' => 'http'
    'CONTEXT_PREFIX' => ''
    'CONTEXT_DOCUMENT_ROOT' => 'C:/xampp/htdocs'
    'SERVER_ADMIN' => 'postmaster@localhost'
    'SCRIPT_FILENAME' => 'C:/xampp/htdocs/tiket/web/index.php'
    'REMOTE_PORT' => '54686'
    'GATEWAY_INTERFACE' => 'CGI/1.1'
    'SERVER_PROTOCOL' => 'HTTP/1.1'
    'REQUEST_METHOD' => 'GET'
    'QUERY_STRING' => 'r=tiket%2Flihatevent'
    'REQUEST_URI' => '/tiket/web/index.php?r=tiket%2Flihatevent'
    'SCRIPT_NAME' => '/tiket/web/index.php'
    'PHP_SELF' => '/tiket/web/index.php'
    'REQUEST_TIME_FLOAT' => 1500272102.509
    'REQUEST_TIME' => 1500272102
]
2017-07-17 08:15:42 [::1][2][6l3dnso0ihbfe15bgl38qlgir5][error][yii\base\ErrorException:8] exception 'yii\base\ErrorException' with message 'Undefined variable: tiket' in C:\xampp\htdocs\tiket\views\tiket\event.php:36
Stack trace:
#0 C:\xampp\htdocs\tiket\views\tiket\event.php(36): yii\base\ErrorHandler->handleError(8, 'Undefined varia...', 'C:\\xampp\\htdocs...', 36, Array)
#1 C:\xampp\htdocs\tiket\vendor\yiisoft\yii2\base\View.php(326): require('C:\\xampp\\htdocs...')
#2 C:\xampp\htdocs\tiket\vendor\yiisoft\yii2\base\View.php(248): yii\base\View->renderPhpFile('C:\\xampp\\htdocs...', Array)
#3 C:\xampp\htdocs\tiket\vendor\yiisoft\yii2\base\View.php(150): yii\base\View->renderFile('C:\\xampp\\htdocs...', Array, Object(app\controllers\TiketController))
#4 C:\xampp\htdocs\tiket\vendor\yiisoft\yii2\base\Controller.php(378): yii\base\View->render('event', Array, Object(app\controllers\TiketController))
#5 C:\xampp\htdocs\tiket\controllers\TiketController.php(256): yii\base\Controller->render('event', Array)
#6 [internal function]: app\controllers\TiketController->actionLihatevent()
#7 C:\xampp\htdocs\tiket\vendor\yiisoft\yii2\base\InlineAction.php(55): call_user_func_array(Array, Array)
#8 C:\xampp\htdocs\tiket\vendor\yiisoft\yii2\base\Controller.php(154): yii\base\InlineAction->runWithParams(Array)
#9 C:\xampp\htdocs\tiket\vendor\yiisoft\yii2\base\Module.php(454): yii\base\Controller->runAction('lihatevent', Array)
#10 C:\xampp\htdocs\tiket\vendor\yiisoft\yii2\web\Application.php(92): yii\base\Module->runAction('tiket/lihateven...', Array)
#11 C:\xampp\htdocs\tiket\vendor\yiisoft\yii2\base\Application.php(375): yii\web\Application->handleRequest(Object(yii\web\Request))
#12 C:\xampp\htdocs\tiket\web\index.php(12): yii\base\Application->run()
#13 {main}
2017-07-17 08:15:42 [::1][2][6l3dnso0ihbfe15bgl38qlgir5][info][application] $_GET = [
    'r' => 'tiket/lihatevent'
]

$_COOKIE = [
    '_csrf' => 'b07580d29d381952d9850ba55ff2b5be2ee1b6e6b55ff2ee6f0a43c4fd8e2dfaa:2:{i:0;s:5:\"_csrf\";i:1;s:32:\"HhvvmzaN7HE4Y-66lbxBCiaLhjdCJYux\";}'
    'PHPSESSID' => '6l3dnso0ihbfe15bgl38qlgir5'
    '_identity' => '5b5377005c884863dd6254b1cb6c117d9242b994007f1192af16a89f2bf6e5caa:2:{i:0;s:9:\"_identity\";i:1;s:22:\"[2,\"admin999\",2592000]\";}'
]

$_SESSION = [
    '__flash' => []
    '__id' => 2
]

$_SERVER = [
    'MIBDIRS' => 'C:/xampp/php/extras/mibs'
    'MYSQL_HOME' => '\\xampp\\mysql\\bin'
    'OPENSSL_CONF' => 'C:/xampp/apache/bin/openssl.cnf'
    'PHP_PEAR_SYSCONF_DIR' => '\\xampp\\php'
    'PHPRC' => '\\xampp\\php'
    'TMP' => '\\xampp\\tmp'
    'HTTP_HOST' => 'localhost'
    'HTTP_CONNECTION' => 'keep-alive'
    'HTTP_CACHE_CONTROL' => 'max-age=0'
    'HTTP_UPGRADE_INSECURE_REQUESTS' => '1'
    'HTTP_USER_AGENT' => 'Mozilla/5.0 (Windows NT 10.0; Win64; x64) AppleWebKit/537.36 (KHTML, like Gecko) Chrome/59.0.3071.115 Safari/537.36'
    'HTTP_ACCEPT' => 'text/html,application/xhtml+xml,application/xml;q=0.9,image/webp,image/apng,*/*;q=0.8'
    'HTTP_REFERER' => 'http://localhost/tiket/web/index.php?r=tiket%2Fpreview&id=8'
    'HTTP_ACCEPT_ENCODING' => 'gzip, deflate, br'
    'HTTP_ACCEPT_LANGUAGE' => 'en-US,en;q=0.8,id;q=0.6,ms;q=0.4'
    'HTTP_COOKIE' => '_csrf=b07580d29d381952d9850ba55ff2b5be2ee1b6e6b55ff2ee6f0a43c4fd8e2dfaa%3A2%3A%7Bi%3A0%3Bs%3A5%3A%22_csrf%22%3Bi%3A1%3Bs%3A32%3A%22HhvvmzaN7HE4Y-66lbxBCiaLhjdCJYux%22%3B%7D; PHPSESSID=6l3dnso0ihbfe15bgl38qlgir5; _identity=5b5377005c884863dd6254b1cb6c117d9242b994007f1192af16a89f2bf6e5caa%3A2%3A%7Bi%3A0%3Bs%3A9%3A%22_identity%22%3Bi%3A1%3Bs%3A22%3A%22%5B2%2C%22admin999%22%2C2592000%5D%22%3B%7D'
    'PATH' => 'C:\\Program Files (x86)\\Common Files\\Intel\\Shared Files\\cpp\\bin\\Intel64;C:\\ProgramData\\Oracle\\Java\\javapath;C:\\Program Files\\Broadcom\\Broadcom 802.11;c:\\Program Files (x86)\\Intel\\iCLS Client\\;c:\\Program Files\\Intel\\iCLS Client\\;C:\\Windows\\system32;C:\\Windows;C:\\Windows\\System32\\Wbem;C:\\Windows\\System32\\WindowsPowerShell\\v1.0\\;C:\\Program Files\\Intel\\Intel(R) Management Engine Components\\DAL;C:\\Program Files\\Intel\\Intel(R) Management Engine Components\\IPT;C:\\Program Files (x86)\\Intel\\Intel(R) Management Engine Components\\DAL;C:\\Program Files (x86)\\Intel\\Intel(R) Management Engine Components\\IPT;C:\\Program Files\\Microsoft\\Web Platform Installer\\;C:\\Python27;C:\\Python27\\Scripts;C:\\Program Files\\TortoiseGit\\bin;C:\\Program Files (x86)\\NVIDIA Corporation\\PhysX\\Common;C:\\WINDOWS\\system32;C:\\WINDOWS;C:\\WINDOWS\\System32\\Wbem;C:\\WINDOWS\\System32\\WindowsPowerShell\\v1.0\\;C:\\Program Files\\Microsoft SQL Server\\110\\Tools\\Binn\\;C:\\Program Files (x86)\\leJOS NXJ\\bin;C:\\Program Files\\MATLAB\\MATLAB Production Server\\R2015a\\runtime\\win64;C:\\Program Files\\MATLAB\\MATLAB Production Server\\R2015a\\bin;C:\\Program Files\\MATLAB\\MATLAB Production Server\\R2015a\\polyspace\\bin;C:\\Program Files (x86)\\IVI Foundation\\VISA\\WinNT\\Bin\\;C:\\Program Files\\IVI Foundation\\VISA\\Win64\\Bin\\;C:\\Program Files (x86)\\IVI Foundation\\VISA\\WinNT\\Bin;C:\\Program Files\\010 Editor;C:\\xampp\\php;C:\\ProgramData\\ComposerSetup\\bin;C:\\Program Files\\Git\\cmd;C:\\Users\\Yunan\\AppData\\Roaming\\Composer\\vendor\\bin;C:\\Users\\Yunan\\AppData\\Local\\Microsoft\\WindowsApps;'
    'SystemRoot' => 'C:\\WINDOWS'
    'COMSPEC' => 'C:\\WINDOWS\\system32\\cmd.exe'
    'PATHEXT' => '.COM;.EXE;.BAT;.CMD;.VBS;.VBE;.JS;.JSE;.WSF;.WSH;.MSC'
    'WINDIR' => 'C:\\WINDOWS'
    'SERVER_SIGNATURE' => '<address>Apache/2.4.23 (Win32) OpenSSL/1.0.2h PHP/5.6.24 Server at localhost Port 80</address>
'
    'SERVER_SOFTWARE' => 'Apache/2.4.23 (Win32) OpenSSL/1.0.2h PHP/5.6.24'
    'SERVER_NAME' => 'localhost'
    'SERVER_ADDR' => '::1'
    'SERVER_PORT' => '80'
    'REMOTE_ADDR' => '::1'
    'DOCUMENT_ROOT' => 'C:/xampp/htdocs'
    'REQUEST_SCHEME' => 'http'
    'CONTEXT_PREFIX' => ''
    'CONTEXT_DOCUMENT_ROOT' => 'C:/xampp/htdocs'
    'SERVER_ADMIN' => 'postmaster@localhost'
    'SCRIPT_FILENAME' => 'C:/xampp/htdocs/tiket/web/index.php'
    'REMOTE_PORT' => '54689'
    'GATEWAY_INTERFACE' => 'CGI/1.1'
    'SERVER_PROTOCOL' => 'HTTP/1.1'
    'REQUEST_METHOD' => 'GET'
    'QUERY_STRING' => 'r=tiket%2Flihatevent'
    'REQUEST_URI' => '/tiket/web/index.php?r=tiket%2Flihatevent'
    'SCRIPT_NAME' => '/tiket/web/index.php'
    'PHP_SELF' => '/tiket/web/index.php'
    'REQUEST_TIME_FLOAT' => 1500272142.083
    'REQUEST_TIME' => 1500272142
]
2017-07-17 08:17:32 [::1][2][6l3dnso0ihbfe15bgl38qlgir5][error][yii\base\ErrorException:8] exception 'yii\base\ErrorException' with message 'Undefined variable: event' in C:\xampp\htdocs\tiket\views\tiket\event.php:36
Stack trace:
#0 C:\xampp\htdocs\tiket\views\tiket\event.php(36): yii\base\ErrorHandler->handleError(8, 'Undefined varia...', 'C:\\xampp\\htdocs...', 36, Array)
#1 C:\xampp\htdocs\tiket\vendor\yiisoft\yii2\base\View.php(326): require('C:\\xampp\\htdocs...')
#2 C:\xampp\htdocs\tiket\vendor\yiisoft\yii2\base\View.php(248): yii\base\View->renderPhpFile('C:\\xampp\\htdocs...', Array)
#3 C:\xampp\htdocs\tiket\vendor\yiisoft\yii2\base\View.php(150): yii\base\View->renderFile('C:\\xampp\\htdocs...', Array, Object(app\controllers\TiketController))
#4 C:\xampp\htdocs\tiket\vendor\yiisoft\yii2\base\Controller.php(378): yii\base\View->render('event', Array, Object(app\controllers\TiketController))
#5 C:\xampp\htdocs\tiket\controllers\TiketController.php(256): yii\base\Controller->render('event', Array)
#6 [internal function]: app\controllers\TiketController->actionLihatevent()
#7 C:\xampp\htdocs\tiket\vendor\yiisoft\yii2\base\InlineAction.php(55): call_user_func_array(Array, Array)
#8 C:\xampp\htdocs\tiket\vendor\yiisoft\yii2\base\Controller.php(154): yii\base\InlineAction->runWithParams(Array)
#9 C:\xampp\htdocs\tiket\vendor\yiisoft\yii2\base\Module.php(454): yii\base\Controller->runAction('lihatevent', Array)
#10 C:\xampp\htdocs\tiket\vendor\yiisoft\yii2\web\Application.php(92): yii\base\Module->runAction('tiket/lihateven...', Array)
#11 C:\xampp\htdocs\tiket\vendor\yiisoft\yii2\base\Application.php(375): yii\web\Application->handleRequest(Object(yii\web\Request))
#12 C:\xampp\htdocs\tiket\web\index.php(12): yii\base\Application->run()
#13 {main}
2017-07-17 08:17:32 [::1][2][6l3dnso0ihbfe15bgl38qlgir5][info][application] $_GET = [
    'r' => 'tiket/lihatevent'
]

$_COOKIE = [
    '_csrf' => 'b07580d29d381952d9850ba55ff2b5be2ee1b6e6b55ff2ee6f0a43c4fd8e2dfaa:2:{i:0;s:5:\"_csrf\";i:1;s:32:\"HhvvmzaN7HE4Y-66lbxBCiaLhjdCJYux\";}'
    'PHPSESSID' => '6l3dnso0ihbfe15bgl38qlgir5'
    '_identity' => '5b5377005c884863dd6254b1cb6c117d9242b994007f1192af16a89f2bf6e5caa:2:{i:0;s:9:\"_identity\";i:1;s:22:\"[2,\"admin999\",2592000]\";}'
]

$_SESSION = [
    '__flash' => []
    '__id' => 2
]

$_SERVER = [
    'MIBDIRS' => 'C:/xampp/php/extras/mibs'
    'MYSQL_HOME' => '\\xampp\\mysql\\bin'
    'OPENSSL_CONF' => 'C:/xampp/apache/bin/openssl.cnf'
    'PHP_PEAR_SYSCONF_DIR' => '\\xampp\\php'
    'PHPRC' => '\\xampp\\php'
    'TMP' => '\\xampp\\tmp'
    'HTTP_HOST' => 'localhost'
    'HTTP_CONNECTION' => 'keep-alive'
    'HTTP_CACHE_CONTROL' => 'max-age=0'
    'HTTP_UPGRADE_INSECURE_REQUESTS' => '1'
    'HTTP_USER_AGENT' => 'Mozilla/5.0 (Windows NT 10.0; Win64; x64) AppleWebKit/537.36 (KHTML, like Gecko) Chrome/59.0.3071.115 Safari/537.36'
    'HTTP_ACCEPT' => 'text/html,application/xhtml+xml,application/xml;q=0.9,image/webp,image/apng,*/*;q=0.8'
    'HTTP_REFERER' => 'http://localhost/tiket/web/index.php?r=tiket%2Fpreview&id=8'
    'HTTP_ACCEPT_ENCODING' => 'gzip, deflate, br'
    'HTTP_ACCEPT_LANGUAGE' => 'en-US,en;q=0.8,id;q=0.6,ms;q=0.4'
    'HTTP_COOKIE' => '_csrf=b07580d29d381952d9850ba55ff2b5be2ee1b6e6b55ff2ee6f0a43c4fd8e2dfaa%3A2%3A%7Bi%3A0%3Bs%3A5%3A%22_csrf%22%3Bi%3A1%3Bs%3A32%3A%22HhvvmzaN7HE4Y-66lbxBCiaLhjdCJYux%22%3B%7D; PHPSESSID=6l3dnso0ihbfe15bgl38qlgir5; _identity=5b5377005c884863dd6254b1cb6c117d9242b994007f1192af16a89f2bf6e5caa%3A2%3A%7Bi%3A0%3Bs%3A9%3A%22_identity%22%3Bi%3A1%3Bs%3A22%3A%22%5B2%2C%22admin999%22%2C2592000%5D%22%3B%7D'
    'PATH' => 'C:\\Program Files (x86)\\Common Files\\Intel\\Shared Files\\cpp\\bin\\Intel64;C:\\ProgramData\\Oracle\\Java\\javapath;C:\\Program Files\\Broadcom\\Broadcom 802.11;c:\\Program Files (x86)\\Intel\\iCLS Client\\;c:\\Program Files\\Intel\\iCLS Client\\;C:\\Windows\\system32;C:\\Windows;C:\\Windows\\System32\\Wbem;C:\\Windows\\System32\\WindowsPowerShell\\v1.0\\;C:\\Program Files\\Intel\\Intel(R) Management Engine Components\\DAL;C:\\Program Files\\Intel\\Intel(R) Management Engine Components\\IPT;C:\\Program Files (x86)\\Intel\\Intel(R) Management Engine Components\\DAL;C:\\Program Files (x86)\\Intel\\Intel(R) Management Engine Components\\IPT;C:\\Program Files\\Microsoft\\Web Platform Installer\\;C:\\Python27;C:\\Python27\\Scripts;C:\\Program Files\\TortoiseGit\\bin;C:\\Program Files (x86)\\NVIDIA Corporation\\PhysX\\Common;C:\\WINDOWS\\system32;C:\\WINDOWS;C:\\WINDOWS\\System32\\Wbem;C:\\WINDOWS\\System32\\WindowsPowerShell\\v1.0\\;C:\\Program Files\\Microsoft SQL Server\\110\\Tools\\Binn\\;C:\\Program Files (x86)\\leJOS NXJ\\bin;C:\\Program Files\\MATLAB\\MATLAB Production Server\\R2015a\\runtime\\win64;C:\\Program Files\\MATLAB\\MATLAB Production Server\\R2015a\\bin;C:\\Program Files\\MATLAB\\MATLAB Production Server\\R2015a\\polyspace\\bin;C:\\Program Files (x86)\\IVI Foundation\\VISA\\WinNT\\Bin\\;C:\\Program Files\\IVI Foundation\\VISA\\Win64\\Bin\\;C:\\Program Files (x86)\\IVI Foundation\\VISA\\WinNT\\Bin;C:\\Program Files\\010 Editor;C:\\xampp\\php;C:\\ProgramData\\ComposerSetup\\bin;C:\\Program Files\\Git\\cmd;C:\\Users\\Yunan\\AppData\\Roaming\\Composer\\vendor\\bin;C:\\Users\\Yunan\\AppData\\Local\\Microsoft\\WindowsApps;'
    'SystemRoot' => 'C:\\WINDOWS'
    'COMSPEC' => 'C:\\WINDOWS\\system32\\cmd.exe'
    'PATHEXT' => '.COM;.EXE;.BAT;.CMD;.VBS;.VBE;.JS;.JSE;.WSF;.WSH;.MSC'
    'WINDIR' => 'C:\\WINDOWS'
    'SERVER_SIGNATURE' => '<address>Apache/2.4.23 (Win32) OpenSSL/1.0.2h PHP/5.6.24 Server at localhost Port 80</address>
'
    'SERVER_SOFTWARE' => 'Apache/2.4.23 (Win32) OpenSSL/1.0.2h PHP/5.6.24'
    'SERVER_NAME' => 'localhost'
    'SERVER_ADDR' => '::1'
    'SERVER_PORT' => '80'
    'REMOTE_ADDR' => '::1'
    'DOCUMENT_ROOT' => 'C:/xampp/htdocs'
    'REQUEST_SCHEME' => 'http'
    'CONTEXT_PREFIX' => ''
    'CONTEXT_DOCUMENT_ROOT' => 'C:/xampp/htdocs'
    'SERVER_ADMIN' => 'postmaster@localhost'
    'SCRIPT_FILENAME' => 'C:/xampp/htdocs/tiket/web/index.php'
    'REMOTE_PORT' => '54691'
    'GATEWAY_INTERFACE' => 'CGI/1.1'
    'SERVER_PROTOCOL' => 'HTTP/1.1'
    'REQUEST_METHOD' => 'GET'
    'QUERY_STRING' => 'r=tiket%2Flihatevent'
    'REQUEST_URI' => '/tiket/web/index.php?r=tiket%2Flihatevent'
    'SCRIPT_NAME' => '/tiket/web/index.php'
    'PHP_SELF' => '/tiket/web/index.php'
    'REQUEST_TIME_FLOAT' => 1500272252.297
    'REQUEST_TIME' => 1500272252
]
2017-07-17 08:23:25 [::1][2][6l3dnso0ihbfe15bgl38qlgir5][error][yii\web\HttpException:400] exception 'yii\web\BadRequestHttpException' with message 'Missing required parameters: event_id' in C:\xampp\htdocs\tiket\vendor\yiisoft\yii2\web\Controller.php:93
Stack trace:
#0 C:\xampp\htdocs\tiket\vendor\yiisoft\yii2\base\InlineAction.php(49): yii\web\Controller->bindActionParams(Object(yii\base\InlineAction), Array)
#1 C:\xampp\htdocs\tiket\vendor\yiisoft\yii2\base\Controller.php(154): yii\base\InlineAction->runWithParams(Array)
#2 C:\xampp\htdocs\tiket\vendor\yiisoft\yii2\base\Module.php(454): yii\base\Controller->runAction('pesantiketlangs...', Array)
#3 C:\xampp\htdocs\tiket\vendor\yiisoft\yii2\web\Application.php(92): yii\base\Module->runAction('tiket/pesantike...', Array)
#4 C:\xampp\htdocs\tiket\vendor\yiisoft\yii2\base\Application.php(375): yii\web\Application->handleRequest(Object(yii\web\Request))
#5 C:\xampp\htdocs\tiket\web\index.php(12): yii\base\Application->run()
#6 {main}
2017-07-17 08:23:24 [::1][2][6l3dnso0ihbfe15bgl38qlgir5][info][application] $_GET = [
    'r' => 'tiket/pesantiketlangsung'
    'id' => '8'
]

$_COOKIE = [
    '_csrf' => 'b07580d29d381952d9850ba55ff2b5be2ee1b6e6b55ff2ee6f0a43c4fd8e2dfaa:2:{i:0;s:5:\"_csrf\";i:1;s:32:\"HhvvmzaN7HE4Y-66lbxBCiaLhjdCJYux\";}'
    'PHPSESSID' => '6l3dnso0ihbfe15bgl38qlgir5'
    '_identity' => '5b5377005c884863dd6254b1cb6c117d9242b994007f1192af16a89f2bf6e5caa:2:{i:0;s:9:\"_identity\";i:1;s:22:\"[2,\"admin999\",2592000]\";}'
]

$_SESSION = [
    '__flash' => []
    '__id' => 2
]

$_SERVER = [
    'MIBDIRS' => 'C:/xampp/php/extras/mibs'
    'MYSQL_HOME' => '\\xampp\\mysql\\bin'
    'OPENSSL_CONF' => 'C:/xampp/apache/bin/openssl.cnf'
    'PHP_PEAR_SYSCONF_DIR' => '\\xampp\\php'
    'PHPRC' => '\\xampp\\php'
    'TMP' => '\\xampp\\tmp'
    'HTTP_HOST' => 'localhost'
    'HTTP_CONNECTION' => 'keep-alive'
    'HTTP_UPGRADE_INSECURE_REQUESTS' => '1'
    'HTTP_USER_AGENT' => 'Mozilla/5.0 (Windows NT 10.0; Win64; x64) AppleWebKit/537.36 (KHTML, like Gecko) Chrome/59.0.3071.115 Safari/537.36'
    'HTTP_ACCEPT' => 'text/html,application/xhtml+xml,application/xml;q=0.9,image/webp,image/apng,*/*;q=0.8'
    'HTTP_REFERER' => 'http://localhost/tiket/web/index.php?r=tiket%2Flihatevent'
    'HTTP_ACCEPT_ENCODING' => 'gzip, deflate, br'
    'HTTP_ACCEPT_LANGUAGE' => 'en-US,en;q=0.8,id;q=0.6,ms;q=0.4'
    'HTTP_COOKIE' => '_csrf=b07580d29d381952d9850ba55ff2b5be2ee1b6e6b55ff2ee6f0a43c4fd8e2dfaa%3A2%3A%7Bi%3A0%3Bs%3A5%3A%22_csrf%22%3Bi%3A1%3Bs%3A32%3A%22HhvvmzaN7HE4Y-66lbxBCiaLhjdCJYux%22%3B%7D; PHPSESSID=6l3dnso0ihbfe15bgl38qlgir5; _identity=5b5377005c884863dd6254b1cb6c117d9242b994007f1192af16a89f2bf6e5caa%3A2%3A%7Bi%3A0%3Bs%3A9%3A%22_identity%22%3Bi%3A1%3Bs%3A22%3A%22%5B2%2C%22admin999%22%2C2592000%5D%22%3B%7D'
    'PATH' => 'C:\\Program Files (x86)\\Common Files\\Intel\\Shared Files\\cpp\\bin\\Intel64;C:\\ProgramData\\Oracle\\Java\\javapath;C:\\Program Files\\Broadcom\\Broadcom 802.11;c:\\Program Files (x86)\\Intel\\iCLS Client\\;c:\\Program Files\\Intel\\iCLS Client\\;C:\\Windows\\system32;C:\\Windows;C:\\Windows\\System32\\Wbem;C:\\Windows\\System32\\WindowsPowerShell\\v1.0\\;C:\\Program Files\\Intel\\Intel(R) Management Engine Components\\DAL;C:\\Program Files\\Intel\\Intel(R) Management Engine Components\\IPT;C:\\Program Files (x86)\\Intel\\Intel(R) Management Engine Components\\DAL;C:\\Program Files (x86)\\Intel\\Intel(R) Management Engine Components\\IPT;C:\\Program Files\\Microsoft\\Web Platform Installer\\;C:\\Python27;C:\\Python27\\Scripts;C:\\Program Files\\TortoiseGit\\bin;C:\\Program Files (x86)\\NVIDIA Corporation\\PhysX\\Common;C:\\WINDOWS\\system32;C:\\WINDOWS;C:\\WINDOWS\\System32\\Wbem;C:\\WINDOWS\\System32\\WindowsPowerShell\\v1.0\\;C:\\Program Files\\Microsoft SQL Server\\110\\Tools\\Binn\\;C:\\Program Files (x86)\\leJOS NXJ\\bin;C:\\Program Files\\MATLAB\\MATLAB Production Server\\R2015a\\runtime\\win64;C:\\Program Files\\MATLAB\\MATLAB Production Server\\R2015a\\bin;C:\\Program Files\\MATLAB\\MATLAB Production Server\\R2015a\\polyspace\\bin;C:\\Program Files (x86)\\IVI Foundation\\VISA\\WinNT\\Bin\\;C:\\Program Files\\IVI Foundation\\VISA\\Win64\\Bin\\;C:\\Program Files (x86)\\IVI Foundation\\VISA\\WinNT\\Bin;C:\\Program Files\\010 Editor;C:\\xampp\\php;C:\\ProgramData\\ComposerSetup\\bin;C:\\Program Files\\Git\\cmd;C:\\Users\\Yunan\\AppData\\Roaming\\Composer\\vendor\\bin;C:\\Users\\Yunan\\AppData\\Local\\Microsoft\\WindowsApps;'
    'SystemRoot' => 'C:\\WINDOWS'
    'COMSPEC' => 'C:\\WINDOWS\\system32\\cmd.exe'
    'PATHEXT' => '.COM;.EXE;.BAT;.CMD;.VBS;.VBE;.JS;.JSE;.WSF;.WSH;.MSC'
    'WINDIR' => 'C:\\WINDOWS'
    'SERVER_SIGNATURE' => '<address>Apache/2.4.23 (Win32) OpenSSL/1.0.2h PHP/5.6.24 Server at localhost Port 80</address>
'
    'SERVER_SOFTWARE' => 'Apache/2.4.23 (Win32) OpenSSL/1.0.2h PHP/5.6.24'
    'SERVER_NAME' => 'localhost'
    'SERVER_ADDR' => '::1'
    'SERVER_PORT' => '80'
    'REMOTE_ADDR' => '::1'
    'DOCUMENT_ROOT' => 'C:/xampp/htdocs'
    'REQUEST_SCHEME' => 'http'
    'CONTEXT_PREFIX' => ''
    'CONTEXT_DOCUMENT_ROOT' => 'C:/xampp/htdocs'
    'SERVER_ADMIN' => 'postmaster@localhost'
    'SCRIPT_FILENAME' => 'C:/xampp/htdocs/tiket/web/index.php'
    'REMOTE_PORT' => '54709'
    'GATEWAY_INTERFACE' => 'CGI/1.1'
    'SERVER_PROTOCOL' => 'HTTP/1.1'
    'REQUEST_METHOD' => 'GET'
    'QUERY_STRING' => 'r=tiket%2Fpesantiketlangsung&id=8'
    'REQUEST_URI' => '/tiket/web/index.php?r=tiket%2Fpesantiketlangsung&id=8'
    'SCRIPT_NAME' => '/tiket/web/index.php'
    'PHP_SELF' => '/tiket/web/index.php'
    'REQUEST_TIME_FLOAT' => 1500272604.964
    'REQUEST_TIME' => 1500272604
]
2017-07-17 10:26:08 [::1][2][0ra1a2lp5jj6o36siucnqfrop0][error][yii\web\HttpException:404] exception 'yii\base\InvalidRouteException' with message 'Unable to resolve the request: tiket/pemesanan' in C:\xampp\htdocs\tiket\vendor\yiisoft\yii2\base\Controller.php:125
Stack trace:
#0 C:\xampp\htdocs\tiket\vendor\yiisoft\yii2\base\Module.php(454): yii\base\Controller->runAction('pemesanan', Array)
#1 C:\xampp\htdocs\tiket\vendor\yiisoft\yii2\web\Application.php(92): yii\base\Module->runAction('tiket/pemesanan', Array)
#2 C:\xampp\htdocs\tiket\vendor\yiisoft\yii2\base\Application.php(375): yii\web\Application->handleRequest(Object(yii\web\Request))
#3 C:\xampp\htdocs\tiket\web\index.php(12): yii\base\Application->run()
#4 {main}

Next exception 'yii\web\NotFoundHttpException' with message 'Page not found.' in C:\xampp\htdocs\tiket\vendor\yiisoft\yii2\web\Application.php:104
Stack trace:
#0 C:\xampp\htdocs\tiket\vendor\yiisoft\yii2\base\Application.php(375): yii\web\Application->handleRequest(Object(yii\web\Request))
#1 C:\xampp\htdocs\tiket\web\index.php(12): yii\base\Application->run()
#2 {main}
2017-07-17 10:26:08 [::1][2][0ra1a2lp5jj6o36siucnqfrop0][info][application] $_GET = [
    'r' => 'tiket/pemesanan'
    'id' => '8'
]

$_COOKIE = [
    'syamrabu' => 'a2d0kh9rn0mn6eelgccrk5eq06'
    'PHPSESSID' => '0ra1a2lp5jj6o36siucnqfrop0'
    '_csrf' => 'f951137aa4e07e8ac2c1fa2d9391bd2dbe59182211fd052ccaafbd8c509419f0a:2:{i:0;s:5:\"_csrf\";i:1;s:32:\"Hws7-WXqOpnXpErY3YrR0Hplj-UzAUw1\";}'
    '_identity' => '5b5377005c884863dd6254b1cb6c117d9242b994007f1192af16a89f2bf6e5caa:2:{i:0;s:9:\"_identity\";i:1;s:22:\"[2,\"admin999\",2592000]\";}'
]

$_SESSION = [
    '__flash' => []
    '__id' => 2
]

$_SERVER = [
    'MIBDIRS' => 'C:/xampp/php/extras/mibs'
    'MYSQL_HOME' => '\\xampp\\mysql\\bin'
    'OPENSSL_CONF' => 'C:/xampp/apache/bin/openssl.cnf'
    'PHP_PEAR_SYSCONF_DIR' => '\\xampp\\php'
    'PHPRC' => '\\xampp\\php'
    'TMP' => '\\xampp\\tmp'
    'HTTP_HOST' => 'localhost'
    'HTTP_CONNECTION' => 'keep-alive'
    'HTTP_CACHE_CONTROL' => 'max-age=0'
    'HTTP_UPGRADE_INSECURE_REQUESTS' => '1'
    'HTTP_USER_AGENT' => 'Mozilla/5.0 (Windows NT 10.0; Win64; x64) AppleWebKit/537.36 (KHTML, like Gecko) Chrome/59.0.3071.115 Safari/537.36'
    'HTTP_ACCEPT' => 'text/html,application/xhtml+xml,application/xml;q=0.9,image/webp,image/apng,*/*;q=0.8'
    'HTTP_REFERER' => 'http://localhost/tiket/web/index.php?r=tiket%2Fpreview&id=8'
    'HTTP_ACCEPT_ENCODING' => 'gzip, deflate, br'
    'HTTP_ACCEPT_LANGUAGE' => 'en-US,en;q=0.8,id;q=0.6,ms;q=0.4'
    'HTTP_COOKIE' => 'syamrabu=a2d0kh9rn0mn6eelgccrk5eq06; PHPSESSID=0ra1a2lp5jj6o36siucnqfrop0; _csrf=f951137aa4e07e8ac2c1fa2d9391bd2dbe59182211fd052ccaafbd8c509419f0a%3A2%3A%7Bi%3A0%3Bs%3A5%3A%22_csrf%22%3Bi%3A1%3Bs%3A32%3A%22Hws7-WXqOpnXpErY3YrR0Hplj-UzAUw1%22%3B%7D; _identity=5b5377005c884863dd6254b1cb6c117d9242b994007f1192af16a89f2bf6e5caa%3A2%3A%7Bi%3A0%3Bs%3A9%3A%22_identity%22%3Bi%3A1%3Bs%3A22%3A%22%5B2%2C%22admin999%22%2C2592000%5D%22%3B%7D'
    'PATH' => 'C:\\Program Files (x86)\\Common Files\\Intel\\Shared Files\\cpp\\bin\\Intel64;C:\\ProgramData\\Oracle\\Java\\javapath;C:\\Program Files\\Broadcom\\Broadcom 802.11;c:\\Program Files (x86)\\Intel\\iCLS Client\\;c:\\Program Files\\Intel\\iCLS Client\\;C:\\Windows\\system32;C:\\Windows;C:\\Windows\\System32\\Wbem;C:\\Windows\\System32\\WindowsPowerShell\\v1.0\\;C:\\Program Files\\Intel\\Intel(R) Management Engine Components\\DAL;C:\\Program Files\\Intel\\Intel(R) Management Engine Components\\IPT;C:\\Program Files (x86)\\Intel\\Intel(R) Management Engine Components\\DAL;C:\\Program Files (x86)\\Intel\\Intel(R) Management Engine Components\\IPT;C:\\Program Files\\Microsoft\\Web Platform Installer\\;C:\\Python27;C:\\Python27\\Scripts;C:\\Program Files\\TortoiseGit\\bin;C:\\Program Files (x86)\\NVIDIA Corporation\\PhysX\\Common;C:\\WINDOWS\\system32;C:\\WINDOWS;C:\\WINDOWS\\System32\\Wbem;C:\\WINDOWS\\System32\\WindowsPowerShell\\v1.0\\;C:\\Program Files\\Microsoft SQL Server\\110\\Tools\\Binn\\;C:\\Program Files (x86)\\leJOS NXJ\\bin;C:\\Program Files\\MATLAB\\MATLAB Production Server\\R2015a\\runtime\\win64;C:\\Program Files\\MATLAB\\MATLAB Production Server\\R2015a\\bin;C:\\Program Files\\MATLAB\\MATLAB Production Server\\R2015a\\polyspace\\bin;C:\\Program Files (x86)\\IVI Foundation\\VISA\\WinNT\\Bin\\;C:\\Program Files\\IVI Foundation\\VISA\\Win64\\Bin\\;C:\\Program Files (x86)\\IVI Foundation\\VISA\\WinNT\\Bin;C:\\Program Files\\010 Editor;C:\\xampp\\php;C:\\ProgramData\\ComposerSetup\\bin;C:\\Program Files\\Git\\cmd;C:\\Users\\Yunan\\AppData\\Roaming\\Composer\\vendor\\bin;C:\\Users\\Yunan\\AppData\\Local\\Microsoft\\WindowsApps;'
    'SystemRoot' => 'C:\\WINDOWS'
    'COMSPEC' => 'C:\\WINDOWS\\system32\\cmd.exe'
    'PATHEXT' => '.COM;.EXE;.BAT;.CMD;.VBS;.VBE;.JS;.JSE;.WSF;.WSH;.MSC'
    'WINDIR' => 'C:\\WINDOWS'
    'SERVER_SIGNATURE' => '<address>Apache/2.4.23 (Win32) OpenSSL/1.0.2h PHP/5.6.24 Server at localhost Port 80</address>
'
    'SERVER_SOFTWARE' => 'Apache/2.4.23 (Win32) OpenSSL/1.0.2h PHP/5.6.24'
    'SERVER_NAME' => 'localhost'
    'SERVER_ADDR' => '::1'
    'SERVER_PORT' => '80'
    'REMOTE_ADDR' => '::1'
    'DOCUMENT_ROOT' => 'C:/xampp/htdocs'
    'REQUEST_SCHEME' => 'http'
    'CONTEXT_PREFIX' => ''
    'CONTEXT_DOCUMENT_ROOT' => 'C:/xampp/htdocs'
    'SERVER_ADMIN' => 'postmaster@localhost'
    'SCRIPT_FILENAME' => 'C:/xampp/htdocs/tiket/web/index.php'
    'REMOTE_PORT' => '55074'
    'GATEWAY_INTERFACE' => 'CGI/1.1'
    'SERVER_PROTOCOL' => 'HTTP/1.1'
    'REQUEST_METHOD' => 'GET'
    'QUERY_STRING' => 'r=tiket%2Fpemesanan&id=8'
    'REQUEST_URI' => '/tiket/web/index.php?r=tiket%2Fpemesanan&id=8'
    'SCRIPT_NAME' => '/tiket/web/index.php'
    'PHP_SELF' => '/tiket/web/index.php'
    'REQUEST_TIME_FLOAT' => 1500279968.13
    'REQUEST_TIME' => 1500279968
]
2017-07-17 10:50:48 [::1][2][0ra1a2lp5jj6o36siucnqfrop0][error][yii\base\ErrorException:8] exception 'yii\base\ErrorException' with message 'Undefined variable: tiket' in C:\xampp\htdocs\tiket\controllers\TiketController.php:296
Stack trace:
#0 C:\xampp\htdocs\tiket\controllers\TiketController.php(296): yii\base\ErrorHandler->handleError(8, 'Undefined varia...', 'C:\\xampp\\htdocs...', 296, Array)
#1 [internal function]: app\controllers\TiketController->actionReviewsubmitted('8')
#2 C:\xampp\htdocs\tiket\vendor\yiisoft\yii2\base\InlineAction.php(55): call_user_func_array(Array, Array)
#3 C:\xampp\htdocs\tiket\vendor\yiisoft\yii2\base\Controller.php(154): yii\base\InlineAction->runWithParams(Array)
#4 C:\xampp\htdocs\tiket\vendor\yiisoft\yii2\base\Module.php(454): yii\base\Controller->runAction('reviewsubmitted', Array)
#5 C:\xampp\htdocs\tiket\vendor\yiisoft\yii2\web\Application.php(92): yii\base\Module->runAction('tiket/reviewsub...', Array)
#6 C:\xampp\htdocs\tiket\vendor\yiisoft\yii2\base\Application.php(375): yii\web\Application->handleRequest(Object(yii\web\Request))
#7 C:\xampp\htdocs\tiket\web\index.php(12): yii\base\Application->run()
#8 {main}
2017-07-17 10:50:47 [::1][2][0ra1a2lp5jj6o36siucnqfrop0][info][application] $_GET = [
    'r' => 'tiket/reviewsubmitted'
    'id' => '8'
]

$_POST = [
    '_csrf' => 'Tjh0dFNQc3YGTwdDfgcrBwFIGiwjFQEvfWEGJmMYAxokFSEOEgUERw=='
    'Review' => [
        'isi' => 'Recommended'
    ]
]

$_COOKIE = [
    'syamrabu' => 'a2d0kh9rn0mn6eelgccrk5eq06'
    'PHPSESSID' => '0ra1a2lp5jj6o36siucnqfrop0'
    '_csrf' => 'f951137aa4e07e8ac2c1fa2d9391bd2dbe59182211fd052ccaafbd8c509419f0a:2:{i:0;s:5:\"_csrf\";i:1;s:32:\"Hws7-WXqOpnXpErY3YrR0Hplj-UzAUw1\";}'
    '_identity' => '5b5377005c884863dd6254b1cb6c117d9242b994007f1192af16a89f2bf6e5caa:2:{i:0;s:9:\"_identity\";i:1;s:22:\"[2,\"admin999\",2592000]\";}'
]

$_SESSION = [
    '__flash' => []
    '__id' => 2
]

$_SERVER = [
    'MIBDIRS' => 'C:/xampp/php/extras/mibs'
    'MYSQL_HOME' => '\\xampp\\mysql\\bin'
    'OPENSSL_CONF' => 'C:/xampp/apache/bin/openssl.cnf'
    'PHP_PEAR_SYSCONF_DIR' => '\\xampp\\php'
    'PHPRC' => '\\xampp\\php'
    'TMP' => '\\xampp\\tmp'
    'HTTP_HOST' => 'localhost'
    'HTTP_CONNECTION' => 'keep-alive'
    'CONTENT_LENGTH' => '94'
    'HTTP_CACHE_CONTROL' => 'max-age=0'
    'HTTP_ORIGIN' => 'http://localhost'
    'HTTP_UPGRADE_INSECURE_REQUESTS' => '1'
    'HTTP_USER_AGENT' => 'Mozilla/5.0 (Windows NT 10.0; Win64; x64) AppleWebKit/537.36 (KHTML, like Gecko) Chrome/59.0.3071.115 Safari/537.36'
    'CONTENT_TYPE' => 'application/x-www-form-urlencoded'
    'HTTP_ACCEPT' => 'text/html,application/xhtml+xml,application/xml;q=0.9,image/webp,image/apng,*/*;q=0.8'
    'HTTP_REFERER' => 'http://localhost/tiket/web/index.php?r=tiket%2Fpreview&id=8'
    'HTTP_ACCEPT_ENCODING' => 'gzip, deflate, br'
    'HTTP_ACCEPT_LANGUAGE' => 'en-US,en;q=0.8,id;q=0.6,ms;q=0.4'
    'HTTP_COOKIE' => 'syamrabu=a2d0kh9rn0mn6eelgccrk5eq06; PHPSESSID=0ra1a2lp5jj6o36siucnqfrop0; _csrf=f951137aa4e07e8ac2c1fa2d9391bd2dbe59182211fd052ccaafbd8c509419f0a%3A2%3A%7Bi%3A0%3Bs%3A5%3A%22_csrf%22%3Bi%3A1%3Bs%3A32%3A%22Hws7-WXqOpnXpErY3YrR0Hplj-UzAUw1%22%3B%7D; _identity=5b5377005c884863dd6254b1cb6c117d9242b994007f1192af16a89f2bf6e5caa%3A2%3A%7Bi%3A0%3Bs%3A9%3A%22_identity%22%3Bi%3A1%3Bs%3A22%3A%22%5B2%2C%22admin999%22%2C2592000%5D%22%3B%7D'
    'PATH' => 'C:\\Program Files (x86)\\Common Files\\Intel\\Shared Files\\cpp\\bin\\Intel64;C:\\ProgramData\\Oracle\\Java\\javapath;C:\\Program Files\\Broadcom\\Broadcom 802.11;c:\\Program Files (x86)\\Intel\\iCLS Client\\;c:\\Program Files\\Intel\\iCLS Client\\;C:\\Windows\\system32;C:\\Windows;C:\\Windows\\System32\\Wbem;C:\\Windows\\System32\\WindowsPowerShell\\v1.0\\;C:\\Program Files\\Intel\\Intel(R) Management Engine Components\\DAL;C:\\Program Files\\Intel\\Intel(R) Management Engine Components\\IPT;C:\\Program Files (x86)\\Intel\\Intel(R) Management Engine Components\\DAL;C:\\Program Files (x86)\\Intel\\Intel(R) Management Engine Components\\IPT;C:\\Program Files\\Microsoft\\Web Platform Installer\\;C:\\Python27;C:\\Python27\\Scripts;C:\\Program Files\\TortoiseGit\\bin;C:\\Program Files (x86)\\NVIDIA Corporation\\PhysX\\Common;C:\\WINDOWS\\system32;C:\\WINDOWS;C:\\WINDOWS\\System32\\Wbem;C:\\WINDOWS\\System32\\WindowsPowerShell\\v1.0\\;C:\\Program Files\\Microsoft SQL Server\\110\\Tools\\Binn\\;C:\\Program Files (x86)\\leJOS NXJ\\bin;C:\\Program Files\\MATLAB\\MATLAB Production Server\\R2015a\\runtime\\win64;C:\\Program Files\\MATLAB\\MATLAB Production Server\\R2015a\\bin;C:\\Program Files\\MATLAB\\MATLAB Production Server\\R2015a\\polyspace\\bin;C:\\Program Files (x86)\\IVI Foundation\\VISA\\WinNT\\Bin\\;C:\\Program Files\\IVI Foundation\\VISA\\Win64\\Bin\\;C:\\Program Files (x86)\\IVI Foundation\\VISA\\WinNT\\Bin;C:\\Program Files\\010 Editor;C:\\xampp\\php;C:\\ProgramData\\ComposerSetup\\bin;C:\\Program Files\\Git\\cmd;C:\\Users\\Yunan\\AppData\\Roaming\\Composer\\vendor\\bin;C:\\Users\\Yunan\\AppData\\Local\\Microsoft\\WindowsApps;'
    'SystemRoot' => 'C:\\WINDOWS'
    'COMSPEC' => 'C:\\WINDOWS\\system32\\cmd.exe'
    'PATHEXT' => '.COM;.EXE;.BAT;.CMD;.VBS;.VBE;.JS;.JSE;.WSF;.WSH;.MSC'
    'WINDIR' => 'C:\\WINDOWS'
    'SERVER_SIGNATURE' => '<address>Apache/2.4.23 (Win32) OpenSSL/1.0.2h PHP/5.6.24 Server at localhost Port 80</address>
'
    'SERVER_SOFTWARE' => 'Apache/2.4.23 (Win32) OpenSSL/1.0.2h PHP/5.6.24'
    'SERVER_NAME' => 'localhost'
    'SERVER_ADDR' => '::1'
    'SERVER_PORT' => '80'
    'REMOTE_ADDR' => '::1'
    'DOCUMENT_ROOT' => 'C:/xampp/htdocs'
    'REQUEST_SCHEME' => 'http'
    'CONTEXT_PREFIX' => ''
    'CONTEXT_DOCUMENT_ROOT' => 'C:/xampp/htdocs'
    'SERVER_ADMIN' => 'postmaster@localhost'
    'SCRIPT_FILENAME' => 'C:/xampp/htdocs/tiket/web/index.php'
    'REMOTE_PORT' => '55130'
    'GATEWAY_INTERFACE' => 'CGI/1.1'
    'SERVER_PROTOCOL' => 'HTTP/1.1'
    'REQUEST_METHOD' => 'POST'
    'QUERY_STRING' => 'r=tiket%2Freviewsubmitted&id=8'
    'REQUEST_URI' => '/tiket/web/index.php?r=tiket%2Freviewsubmitted&id=8'
    'SCRIPT_NAME' => '/tiket/web/index.php'
    'PHP_SELF' => '/tiket/web/index.php'
    'REQUEST_TIME_FLOAT' => 1500281447.942
    'REQUEST_TIME' => 1500281447
]
2017-07-17 11:10:17 [::1][2][0ra1a2lp5jj6o36siucnqfrop0][error][yii\base\ErrorException:2] exception 'yii\base\ErrorException' with message 'Creating default object from empty value' in C:\xampp\htdocs\tiket\controllers\TiketController.php:379
Stack trace:
#0 C:\xampp\htdocs\tiket\controllers\TiketController.php(379): yii\base\ErrorHandler->handleError(2, 'Creating defaul...', 'C:\\xampp\\htdocs...', 379, Array)
#1 [internal function]: app\controllers\TiketController->actionPesantiket('8')
#2 C:\xampp\htdocs\tiket\vendor\yiisoft\yii2\base\InlineAction.php(55): call_user_func_array(Array, Array)
#3 C:\xampp\htdocs\tiket\vendor\yiisoft\yii2\base\Controller.php(154): yii\base\InlineAction->runWithParams(Array)
#4 C:\xampp\htdocs\tiket\vendor\yiisoft\yii2\base\Module.php(454): yii\base\Controller->runAction('pesantiket', Array)
#5 C:\xampp\htdocs\tiket\vendor\yiisoft\yii2\web\Application.php(92): yii\base\Module->runAction('tiket/pesantike...', Array)
#6 C:\xampp\htdocs\tiket\vendor\yiisoft\yii2\base\Application.php(375): yii\web\Application->handleRequest(Object(yii\web\Request))
#7 C:\xampp\htdocs\tiket\web\index.php(12): yii\base\Application->run()
#8 {main}
2017-07-17 11:10:17 [::1][2][0ra1a2lp5jj6o36siucnqfrop0][info][application] $_GET = [
    'r' => 'tiket/pesantiket'
    'event_id' => '8'
]

$_COOKIE = [
    'syamrabu' => 'a2d0kh9rn0mn6eelgccrk5eq06'
    'PHPSESSID' => '0ra1a2lp5jj6o36siucnqfrop0'
    '_csrf' => 'f951137aa4e07e8ac2c1fa2d9391bd2dbe59182211fd052ccaafbd8c509419f0a:2:{i:0;s:5:\"_csrf\";i:1;s:32:\"Hws7-WXqOpnXpErY3YrR0Hplj-UzAUw1\";}'
    '_identity' => '5b5377005c884863dd6254b1cb6c117d9242b994007f1192af16a89f2bf6e5caa:2:{i:0;s:9:\"_identity\";i:1;s:22:\"[2,\"admin999\",2592000]\";}'
]

$_SESSION = [
    '__flash' => []
    '__id' => 2
]

$_SERVER = [
    'MIBDIRS' => 'C:/xampp/php/extras/mibs'
    'MYSQL_HOME' => '\\xampp\\mysql\\bin'
    'OPENSSL_CONF' => 'C:/xampp/apache/bin/openssl.cnf'
    'PHP_PEAR_SYSCONF_DIR' => '\\xampp\\php'
    'PHPRC' => '\\xampp\\php'
    'TMP' => '\\xampp\\tmp'
    'HTTP_HOST' => 'localhost'
    'HTTP_CONNECTION' => 'keep-alive'
    'HTTP_UPGRADE_INSECURE_REQUESTS' => '1'
    'HTTP_USER_AGENT' => 'Mozilla/5.0 (Windows NT 10.0; Win64; x64) AppleWebKit/537.36 (KHTML, like Gecko) Chrome/59.0.3071.115 Safari/537.36'
    'HTTP_ACCEPT' => 'text/html,application/xhtml+xml,application/xml;q=0.9,image/webp,image/apng,*/*;q=0.8'
    'HTTP_REFERER' => 'http://localhost/tiket/web/index.php?r=tiket%2Flihatevent'
    'HTTP_ACCEPT_ENCODING' => 'gzip, deflate, br'
    'HTTP_ACCEPT_LANGUAGE' => 'en-US,en;q=0.8,id;q=0.6,ms;q=0.4'
    'HTTP_COOKIE' => 'syamrabu=a2d0kh9rn0mn6eelgccrk5eq06; PHPSESSID=0ra1a2lp5jj6o36siucnqfrop0; _csrf=f951137aa4e07e8ac2c1fa2d9391bd2dbe59182211fd052ccaafbd8c509419f0a%3A2%3A%7Bi%3A0%3Bs%3A5%3A%22_csrf%22%3Bi%3A1%3Bs%3A32%3A%22Hws7-WXqOpnXpErY3YrR0Hplj-UzAUw1%22%3B%7D; _identity=5b5377005c884863dd6254b1cb6c117d9242b994007f1192af16a89f2bf6e5caa%3A2%3A%7Bi%3A0%3Bs%3A9%3A%22_identity%22%3Bi%3A1%3Bs%3A22%3A%22%5B2%2C%22admin999%22%2C2592000%5D%22%3B%7D'
    'PATH' => 'C:\\Program Files (x86)\\Common Files\\Intel\\Shared Files\\cpp\\bin\\Intel64;C:\\ProgramData\\Oracle\\Java\\javapath;C:\\Program Files\\Broadcom\\Broadcom 802.11;c:\\Program Files (x86)\\Intel\\iCLS Client\\;c:\\Program Files\\Intel\\iCLS Client\\;C:\\Windows\\system32;C:\\Windows;C:\\Windows\\System32\\Wbem;C:\\Windows\\System32\\WindowsPowerShell\\v1.0\\;C:\\Program Files\\Intel\\Intel(R) Management Engine Components\\DAL;C:\\Program Files\\Intel\\Intel(R) Management Engine Components\\IPT;C:\\Program Files (x86)\\Intel\\Intel(R) Management Engine Components\\DAL;C:\\Program Files (x86)\\Intel\\Intel(R) Management Engine Components\\IPT;C:\\Program Files\\Microsoft\\Web Platform Installer\\;C:\\Python27;C:\\Python27\\Scripts;C:\\Program Files\\TortoiseGit\\bin;C:\\Program Files (x86)\\NVIDIA Corporation\\PhysX\\Common;C:\\WINDOWS\\system32;C:\\WINDOWS;C:\\WINDOWS\\System32\\Wbem;C:\\WINDOWS\\System32\\WindowsPowerShell\\v1.0\\;C:\\Program Files\\Microsoft SQL Server\\110\\Tools\\Binn\\;C:\\Program Files (x86)\\leJOS NXJ\\bin;C:\\Program Files\\MATLAB\\MATLAB Production Server\\R2015a\\runtime\\win64;C:\\Program Files\\MATLAB\\MATLAB Production Server\\R2015a\\bin;C:\\Program Files\\MATLAB\\MATLAB Production Server\\R2015a\\polyspace\\bin;C:\\Program Files (x86)\\IVI Foundation\\VISA\\WinNT\\Bin\\;C:\\Program Files\\IVI Foundation\\VISA\\Win64\\Bin\\;C:\\Program Files (x86)\\IVI Foundation\\VISA\\WinNT\\Bin;C:\\Program Files\\010 Editor;C:\\xampp\\php;C:\\ProgramData\\ComposerSetup\\bin;C:\\Program Files\\Git\\cmd;C:\\Users\\Yunan\\AppData\\Roaming\\Composer\\vendor\\bin;C:\\Users\\Yunan\\AppData\\Local\\Microsoft\\WindowsApps;'
    'SystemRoot' => 'C:\\WINDOWS'
    'COMSPEC' => 'C:\\WINDOWS\\system32\\cmd.exe'
    'PATHEXT' => '.COM;.EXE;.BAT;.CMD;.VBS;.VBE;.JS;.JSE;.WSF;.WSH;.MSC'
    'WINDIR' => 'C:\\WINDOWS'
    'SERVER_SIGNATURE' => '<address>Apache/2.4.23 (Win32) OpenSSL/1.0.2h PHP/5.6.24 Server at localhost Port 80</address>
'
    'SERVER_SOFTWARE' => 'Apache/2.4.23 (Win32) OpenSSL/1.0.2h PHP/5.6.24'
    'SERVER_NAME' => 'localhost'
    'SERVER_ADDR' => '::1'
    'SERVER_PORT' => '80'
    'REMOTE_ADDR' => '::1'
    'DOCUMENT_ROOT' => 'C:/xampp/htdocs'
    'REQUEST_SCHEME' => 'http'
    'CONTEXT_PREFIX' => ''
    'CONTEXT_DOCUMENT_ROOT' => 'C:/xampp/htdocs'
    'SERVER_ADMIN' => 'postmaster@localhost'
    'SCRIPT_FILENAME' => 'C:/xampp/htdocs/tiket/web/index.php'
    'REMOTE_PORT' => '55331'
    'GATEWAY_INTERFACE' => 'CGI/1.1'
    'SERVER_PROTOCOL' => 'HTTP/1.1'
    'REQUEST_METHOD' => 'GET'
    'QUERY_STRING' => 'r=tiket%2Fpesantiket&event_id=8'
    'REQUEST_URI' => '/tiket/web/index.php?r=tiket%2Fpesantiket&event_id=8'
    'SCRIPT_NAME' => '/tiket/web/index.php'
    'PHP_SELF' => '/tiket/web/index.php'
    'REQUEST_TIME_FLOAT' => 1500282617.094
    'REQUEST_TIME' => 1500282617
]
